09-Dec-2021 16:43:40.402 INFO [main] org.apache.catalina.startup.VersionLoggerListener.log Server version:        Apache Tomcat/9.0.5
09-Dec-2021 16:43:40.403 INFO [main] org.apache.catalina.startup.VersionLoggerListener.log Server built:          Feb 6 2018 21:42:23 UTC
09-Dec-2021 16:43:40.403 INFO [main] org.apache.catalina.startup.VersionLoggerListener.log Server number:         9.0.5.0
09-Dec-2021 16:43:40.403 INFO [main] org.apache.catalina.startup.VersionLoggerListener.log OS Name:               Linux
09-Dec-2021 16:43:40.403 INFO [main] org.apache.catalina.startup.VersionLoggerListener.log OS Version:            5.10.16.3-microsoft-standard-WSL2
09-Dec-2021 16:43:40.403 INFO [main] org.apache.catalina.startup.VersionLoggerListener.log Architecture:          amd64
09-Dec-2021 16:43:40.403 INFO [main] org.apache.catalina.startup.VersionLoggerListener.log Java Home:             /usr/lib/jvm/java-8-openjdk-amd64/jre
09-Dec-2021 16:43:40.403 INFO [main] org.apache.catalina.startup.VersionLoggerListener.log JVM Version:           1.8.0_151-8u151-b12-1~deb9u1-b12
09-Dec-2021 16:43:40.404 INFO [main] org.apache.catalina.startup.VersionLoggerListener.log JVM Vendor:            Oracle Corporation
09-Dec-2021 16:43:40.404 INFO [main] org.apache.catalina.startup.VersionLoggerListener.log CATALINA_BASE:         /usr/local/tomcat
09-Dec-2021 16:43:40.404 INFO [main] org.apache.catalina.startup.VersionLoggerListener.log CATALINA_HOME:         /usr/local/tomcat
09-Dec-2021 16:43:40.404 INFO [main] org.apache.catalina.startup.VersionLoggerListener.log Command line argument: -Djava.util.logging.config.file=/usr/local/tomcat/conf/logging.properties
09-Dec-2021 16:43:40.404 INFO [main] org.apache.catalina.startup.VersionLoggerListener.log Command line argument: -Djava.util.logging.manager=org.apache.juli.ClassLoaderLogManager
09-Dec-2021 16:43:40.404 INFO [main] org.apache.catalina.startup.VersionLoggerListener.log Command line argument: -Djdk.tls.ephemeralDHKeySize=2048
09-Dec-2021 16:43:40.404 INFO [main] org.apache.catalina.startup.VersionLoggerListener.log Command line argument: -Djava.protocol.handler.pkgs=org.apache.catalina.webresources
09-Dec-2021 16:43:40.404 INFO [main] org.apache.catalina.startup.VersionLoggerListener.log Command line argument: -Dignore.endorsed.dirs=
09-Dec-2021 16:43:40.404 INFO [main] org.apache.catalina.startup.VersionLoggerListener.log Command line argument: -Dcatalina.base=/usr/local/tomcat
09-Dec-2021 16:43:40.404 INFO [main] org.apache.catalina.startup.VersionLoggerListener.log Command line argument: -Dcatalina.home=/usr/local/tomcat
09-Dec-2021 16:43:40.405 INFO [main] org.apache.catalina.startup.VersionLoggerListener.log Command line argument: -Djava.io.tmpdir=/usr/local/tomcat/temp
09-Dec-2021 16:43:40.405 INFO [main] org.apache.catalina.core.AprLifecycleListener.lifecycleEvent Loaded APR based Apache Tomcat Native library [1.2.16] using APR version [1.5.2].
09-Dec-2021 16:43:40.405 INFO [main] org.apache.catalina.core.AprLifecycleListener.lifecycleEvent APR capabilities: IPv6 [true], sendfile [true], accept filters [false], random [true].
09-Dec-2021 16:43:40.405 INFO [main] org.apache.catalina.core.AprLifecycleListener.lifecycleEvent APR/OpenSSL configuration: useAprConnector [false], useOpenSSL [true]
09-Dec-2021 16:43:40.407 INFO [main] org.apache.catalina.core.AprLifecycleListener.initializeSSL OpenSSL successfully initialized [OpenSSL 1.1.0f  25 May 2017]
09-Dec-2021 16:43:40.454 INFO [main] org.apache.coyote.AbstractProtocol.init Initializing ProtocolHandler ["http-nio-8080"]
09-Dec-2021 16:43:40.462 INFO [main] org.apache.tomcat.util.net.NioSelectorPool.getSharedSelector Using a shared selector for servlet write/read
09-Dec-2021 16:43:40.469 INFO [main] org.apache.coyote.http11.AbstractHttp11Protocol.configureUpgradeProtocol The ["https-openssl-apr-8443"] connector has been configured to support negotiation to [h2] via ALPN
09-Dec-2021 16:43:40.469 INFO [main] org.apache.coyote.AbstractProtocol.init Initializing ProtocolHandler ["https-openssl-apr-8443"]
09-Dec-2021 16:43:40.521 INFO [main] org.apache.coyote.AbstractProtocol.init Initializing ProtocolHandler ["ajp-nio-8009"]
09-Dec-2021 16:43:40.522 INFO [main] org.apache.tomcat.util.net.NioSelectorPool.getSharedSelector Using a shared selector for servlet write/read
09-Dec-2021 16:43:40.523 INFO [main] org.apache.catalina.startup.Catalina.load Initialization processed in 380 ms
09-Dec-2021 16:43:40.539 INFO [main] org.apache.catalina.core.StandardService.startInternal Starting service [Catalina]
09-Dec-2021 16:43:40.539 INFO [main] org.apache.catalina.core.StandardEngine.startInternal Starting Servlet Engine: Apache Tomcat/9.0.5
09-Dec-2021 16:43:40.563 INFO [main] org.apache.catalina.startup.HostConfig.deployWAR Deploying web application archive [/usr/local/tomcat/webapps/sample.war]
09-Dec-2021 16:43:40.790 INFO [main] org.apache.catalina.startup.HostConfig.deployWAR Deployment of web application archive [/usr/local/tomcat/webapps/sample.war] has finished in [226] ms
09-Dec-2021 16:43:40.790 INFO [main] org.apache.catalina.startup.HostConfig.deployDirectory Deploying web application directory [/usr/local/tomcat/webapps/manager]
09-Dec-2021 16:43:40.819 INFO [main] org.apache.catalina.startup.HostConfig.deployDirectory Deployment of web application directory [/usr/local/tomcat/webapps/manager] has finished in [28] ms
09-Dec-2021 16:43:40.819 INFO [main] org.apache.catalina.startup.HostConfig.deployDirectory Deploying web application directory [/usr/local/tomcat/webapps/examples]
09-Dec-2021 16:43:41.028 INFO [main] org.apache.catalina.startup.HostConfig.deployDirectory Deployment of web application directory [/usr/local/tomcat/webapps/examples] has finished in [209] ms
09-Dec-2021 16:43:41.029 INFO [main] org.apache.catalina.startup.HostConfig.deployDirectory Deploying web application directory [/usr/local/tomcat/webapps/docs]
09-Dec-2021 16:43:41.044 INFO [main] org.apache.catalina.startup.HostConfig.deployDirectory Deployment of web application directory [/usr/local/tomcat/webapps/docs] has finished in [15] ms
09-Dec-2021 16:43:41.044 INFO [main] org.apache.catalina.startup.HostConfig.deployDirectory Deploying web application directory [/usr/local/tomcat/webapps/ROOT]
09-Dec-2021 16:43:41.056 INFO [main] org.apache.catalina.startup.HostConfig.deployDirectory Deployment of web application directory [/usr/local/tomcat/webapps/ROOT] has finished in [12] ms
09-Dec-2021 16:43:41.057 INFO [main] org.apache.catalina.startup.HostConfig.deployDirectory Deploying web application directory [/usr/local/tomcat/webapps/host-manager]
09-Dec-2021 16:43:41.073 INFO [main] org.apache.catalina.startup.HostConfig.deployDirectory Deployment of web application directory [/usr/local/tomcat/webapps/host-manager] has finished in [16] ms
09-Dec-2021 16:43:41.079 INFO [main] org.apache.coyote.AbstractProtocol.start Starting ProtocolHandler ["http-nio-8080"]
09-Dec-2021 16:43:41.086 INFO [main] org.apache.coyote.AbstractProtocol.start Starting ProtocolHandler ["https-openssl-apr-8443"]
09-Dec-2021 16:43:41.090 INFO [main] org.apache.coyote.AbstractProtocol.start Starting ProtocolHandler ["ajp-nio-8009"]
09-Dec-2021 16:43:41.092 INFO [main] org.apache.catalina.startup.Catalina.start Server startup in 569 ms
09-Dec-2021 16:44:27.804 INFO [Thread-5] org.apache.coyote.AbstractProtocol.pause Pausing ProtocolHandler ["http-nio-8080"]
09-Dec-2021 16:44:27.858 INFO [Thread-5] org.apache.coyote.AbstractProtocol.pause Pausing ProtocolHandler ["https-openssl-apr-8443"]
09-Dec-2021 16:44:27.911 INFO [Thread-5] org.apache.coyote.AbstractProtocol.pause Pausing ProtocolHandler ["ajp-nio-8009"]
09-Dec-2021 16:44:27.961 INFO [Thread-5] org.apache.catalina.core.StandardService.stopInternal Stopping service [Catalina]
09-Dec-2021 16:44:27.988 INFO [Thread-5] org.apache.coyote.AbstractProtocol.stop Stopping ProtocolHandler ["http-nio-8080"]
09-Dec-2021 16:44:27.990 INFO [Thread-5] org.apache.coyote.AbstractProtocol.stop Stopping ProtocolHandler ["https-openssl-apr-8443"]
09-Dec-2021 16:44:28.042 INFO [Thread-5] org.apache.coyote.AbstractProtocol.stop Stopping ProtocolHandler ["ajp-nio-8009"]
09-Dec-2021 16:44:28.044 INFO [Thread-5] org.apache.coyote.AbstractProtocol.destroy Destroying ProtocolHandler ["http-nio-8080"]
09-Dec-2021 16:44:28.045 INFO [Thread-5] org.apache.coyote.AbstractProtocol.destroy Destroying ProtocolHandler ["https-openssl-apr-8443"]
09-Dec-2021 16:44:28.046 INFO [Thread-5] org.apache.coyote.AbstractProtocol.destroy Destroying ProtocolHandler ["ajp-nio-8009"]
